12 Apr 06:29:00 - info: Job Local started @ Tue Apr 12 2011 06:29:00 GMT+0100 (BST)
12 Apr 06:29:00 - info: Job GuardianEnvironment started @ Tue Apr 12 2011 06:29:00 GMT+0100 (BST)
12 Apr 06:29:00 - info: Job AtomTester started @ Tue Apr 12 2011 06:29:00 GMT+0100 (BST)
12 Apr 06:29:00 - info: Job Local completed in 77 ms
12 Apr 06:29:00 - info: Job GuardianEnvironment completed in 418 ms
12 Apr 06:29:10 - info: Job Local started @ Tue Apr 12 2011 06:29:10 GMT+0100 (BST)
12 Apr 06:29:10 - info: Job GuardianEnvironment started @ Tue Apr 12 2011 06:29:10 GMT+0100 (BST)
12 Apr 06:29:10 - info: Job Local completed in 45 ms
12 Apr 06:29:10 - info: Job GuardianEnvironment completed in 354 ms
12 Apr 06:29:20 - debug: Job Local started @ Tue Apr 12 2011 06:29:20 GMT+0100 (BST)
12 Apr 06:29:20 - debug: Job GuardianEnvironment started @ Tue Apr 12 2011 06:29:20 GMT+0100 (BST)
12 Apr 06:29:20 - debug: Job Local completed in 64 ms
12 Apr 06:29:20 - debug: Job GuardianEnvironment completed in 585 ms
12 Apr 06:29:21 - debug: Job AtomTester started @ Tue Apr 12 2011 06:29:21 GMT+0100 (BST)
12 Apr 06:34:56 - info: Job AtomTester started @ Tue Apr 12 2011 06:34:56 GMT+0100 (BST)
12 Apr 06:35:00 - info: Job GuardianEnvironment started @ Tue Apr 12 2011 06:35:00 GMT+0100 (BST)
12 Apr 06:35:00 - info: Job Local started @ Tue Apr 12 2011 06:35:00 GMT+0100 (BST)
12 Apr 06:35:00 - info: Job Local completed in 57 ms
12 Apr 06:38:28 - info: Job AtomTester started @ Tue Apr 12 2011 06:38:28 GMT+0100 (BST)
12 Apr 06:43:40 - info: Job Local started @ Tue Apr 12 2011 06:43:40 GMT+0100 (BST)
12 Apr 06:43:40 - info: Job GuardianEnvironment started @ Tue Apr 12 2011 06:43:40 GMT+0100 (BST)
12 Apr 06:43:40 - info: Job Local completed in 69 ms
12 Apr 06:43:40 - info: Job GuardianEnvironment completed in 384 ms
12 Apr 06:43:42 - info: Job AtomTester started @ Tue Apr 12 2011 06:43:42 GMT+0100 (BST)
12 Apr 06:43:50 - info: Job Local started @ Tue Apr 12 2011 06:43:50 GMT+0100 (BST)
12 Apr 06:43:50 - info: Job GuardianEnvironment started @ Tue Apr 12 2011 06:43:50 GMT+0100 (BST)
12 Apr 06:43:50 - info: Job Local completed in 69 ms
12 Apr 06:43:50 - info: Job GuardianEnvironment completed in 366 ms
12 Apr 06:44:00 - info: Job Local started @ Tue Apr 12 2011 06:44:00 GMT+0100 (BST)
12 Apr 06:44:00 - info: Job GuardianEnvironment started @ Tue Apr 12 2011 06:44:00 GMT+0100 (BST)
12 Apr 06:44:00 - info: Job Local completed in 59 ms
12 Apr 06:44:00 - info: Job GuardianEnvironment completed in 451 ms
12 Apr 06:46:14 - info: Job AtomTester started @ Tue Apr 12 2011 06:46:14 GMT+0100 (BST)
12 Apr 06:46:30 - info: Job GuardianEnvironment started @ Tue Apr 12 2011 06:46:30 GMT+0100 (BST)
12 Apr 06:46:30 - info: Job Local started @ Tue Apr 12 2011 06:46:30 GMT+0100 (BST)
12 Apr 06:46:30 - info: Job Local completed in 56 ms
12 Apr 06:46:30 - info: Job GuardianEnvironment completed in 447 ms
12 Apr 06:46:35 - info: Job AtomTester started @ Tue Apr 12 2011 06:46:35 GMT+0100 (BST)
12 Apr 06:46:40 - info: Job GuardianEnvironment started @ Tue Apr 12 2011 06:46:40 GMT+0100 (BST)
12 Apr 06:46:40 - info: Job Local started @ Tue Apr 12 2011 06:46:40 GMT+0100 (BST)
12 Apr 06:46:40 - info: Job Local completed in 51 ms
12 Apr 06:46:40 - info: Job GuardianEnvironment completed in 367 ms
12 Apr 06:46:50 - info: Job GuardianEnvironment started @ Tue Apr 12 2011 06:46:50 GMT+0100 (BST)
12 Apr 06:46:50 - info: Job Local started @ Tue Apr 12 2011 06:46:50 GMT+0100 (BST)
12 Apr 06:46:50 - info: Job Local completed in 43 ms
12 Apr 06:46:50 - info: Job GuardianEnvironment completed in 411 ms
12 Apr 06:50:07 - info: Job AtomTester started @ Tue Apr 12 2011 06:50:07 GMT+0100 (BST)
12 Apr 06:50:10 - info: Job Local started @ Tue Apr 12 2011 06:50:10 GMT+0100 (BST)
12 Apr 06:50:10 - info: Job GuardianEnvironment started @ Tue Apr 12 2011 06:50:10 GMT+0100 (BST)
12 Apr 06:50:10 - info: Job Local completed in 44 ms
12 Apr 06:50:10 - info: Job GuardianEnvironment completed in 634 ms
12 Apr 06:50:20 - info: Job Local started @ Tue Apr 12 2011 06:50:20 GMT+0100 (BST)
12 Apr 06:50:20 - info: Job GuardianEnvironment started @ Tue Apr 12 2011 06:50:20 GMT+0100 (BST)
12 Apr 06:50:20 - info: Job Local completed in 49 ms
12 Apr 06:50:20 - info: Job GuardianEnvironment completed in 350 ms
12 Apr 06:50:30 - info: Job Local started @ Tue Apr 12 2011 06:50:30 GMT+0100 (BST)
12 Apr 06:50:30 - info: Job GuardianEnvironment started @ Tue Apr 12 2011 06:50:30 GMT+0100 (BST)
12 Apr 06:50:30 - info: Job Local completed in 46 ms
12 Apr 06:50:30 - info: Job GuardianEnvironment completed in 427 ms
12 Apr 06:50:40 - info: Job Local started @ Tue Apr 12 2011 06:50:40 GMT+0100 (BST)
12 Apr 06:50:40 - info: Job GuardianEnvironment started @ Tue Apr 12 2011 06:50:40 GMT+0100 (BST)
12 Apr 06:50:40 - info: Job Local completed in 46 ms
12 Apr 06:50:40 - info: Job GuardianEnvironment completed in 346 ms
12 Apr 06:50:50 - info: Job Local started @ Tue Apr 12 2011 06:50:50 GMT+0100 (BST)
12 Apr 06:50:50 - info: Job GuardianEnvironment started @ Tue Apr 12 2011 06:50:50 GMT+0100 (BST)
12 Apr 06:50:50 - info: Job Local completed in 43 ms
12 Apr 06:50:50 - info: Job GuardianEnvironment completed in 353 ms
12 Apr 06:51:00 - info: Job AtomTester started @ Tue Apr 12 2011 06:51:00 GMT+0100 (BST)
12 Apr 06:51:00 - info: Job Local started @ Tue Apr 12 2011 06:51:00 GMT+0100 (BST)
12 Apr 06:51:00 - info: Job GuardianEnvironment started @ Tue Apr 12 2011 06:51:00 GMT+0100 (BST)
12 Apr 06:51:00 - info: Job Local completed in 48 ms
12 Apr 06:51:00 - info: Job GuardianEnvironment completed in 394 ms
12 Apr 06:51:10 - info: Job Local started @ Tue Apr 12 2011 06:51:10 GMT+0100 (BST)
12 Apr 06:51:10 - info: Job GuardianEnvironment started @ Tue Apr 12 2011 06:51:10 GMT+0100 (BST)
12 Apr 06:51:10 - info: Job Local completed in 43 ms
12 Apr 06:51:10 - info: Job GuardianEnvironment completed in 395 ms
12 Apr 06:51:20 - info: Job Local started @ Tue Apr 12 2011 06:51:20 GMT+0100 (BST)
12 Apr 06:51:20 - info: Job GuardianEnvironment started @ Tue Apr 12 2011 06:51:20 GMT+0100 (BST)
12 Apr 06:51:20 - info: Job Local completed in 55 ms
12 Apr 06:51:20 - info: Job GuardianEnvironment completed in 391 ms
12 Apr 06:51:30 - info: Job Local started @ Tue Apr 12 2011 06:51:30 GMT+0100 (BST)
12 Apr 06:51:30 - info: Job GuardianEnvironment started @ Tue Apr 12 2011 06:51:30 GMT+0100 (BST)
12 Apr 06:51:30 - info: Job Local completed in 67 ms
12 Apr 06:51:30 - info: Job GuardianEnvironment completed in 368 ms
12 Apr 06:51:40 - info: Job Local started @ Tue Apr 12 2011 06:51:40 GMT+0100 (BST)
12 Apr 06:51:40 - info: Job GuardianEnvironment started @ Tue Apr 12 2011 06:51:40 GMT+0100 (BST)
12 Apr 06:51:40 - info: Job Local completed in 51 ms
12 Apr 06:51:40 - info: Job GuardianEnvironment completed in 345 ms
12 Apr 06:51:50 - info: Job Local started @ Tue Apr 12 2011 06:51:50 GMT+0100 (BST)
12 Apr 06:51:50 - info: Job GuardianEnvironment started @ Tue Apr 12 2011 06:51:50 GMT+0100 (BST)
12 Apr 06:51:50 - info: Job Local completed in 43 ms
12 Apr 06:51:50 - info: Job GuardianEnvironment completed in 514 ms
12 Apr 06:52:00 - info: Job Local started @ Tue Apr 12 2011 06:52:00 GMT+0100 (BST)
12 Apr 06:52:00 - info: Job GuardianEnvironment started @ Tue Apr 12 2011 06:52:00 GMT+0100 (BST)
12 Apr 06:52:00 - info: Job Local completed in 44 ms
12 Apr 06:52:00 - info: Job GuardianEnvironment completed in 342 ms
12 Apr 06:52:07 - info: Job AtomTester started @ Tue Apr 12 2011 06:52:07 GMT+0100 (BST)
12 Apr 06:52:10 - info: Job Local started @ Tue Apr 12 2011 06:52:10 GMT+0100 (BST)
12 Apr 06:52:10 - info: Job GuardianEnvironment started @ Tue Apr 12 2011 06:52:10 GMT+0100 (BST)
12 Apr 06:52:10 - info: Job Local completed in 45 ms
12 Apr 06:52:10 - info: Job GuardianEnvironment completed in 615 ms
12 Apr 06:52:20 - info: Job Local started @ Tue Apr 12 2011 06:52:20 GMT+0100 (BST)
12 Apr 06:52:20 - info: Job GuardianEnvironment started @ Tue Apr 12 2011 06:52:20 GMT+0100 (BST)
12 Apr 06:52:20 - info: Job Local completed in 60 ms
12 Apr 06:52:20 - info: Job GuardianEnvironment completed in 353 ms
12 Apr 06:57:49 - info: Job AtomTester started @ Tue Apr 12 2011 06:57:49 GMT+0100 (BST)
12 Apr 06:57:50 - info: Job Local started @ Tue Apr 12 2011 06:57:50 GMT+0100 (BST)
12 Apr 06:57:50 - info: Job GuardianEnvironment started @ Tue Apr 12 2011 06:57:50 GMT+0100 (BST)
12 Apr 06:57:50 - info: Job Local completed in 51 ms
12 Apr 06:57:50 - info: Job GuardianEnvironment completed in 427 ms
12 Apr 06:58:00 - info: Job Local started @ Tue Apr 12 2011 06:58:00 GMT+0100 (BST)
12 Apr 06:58:00 - info: Job GuardianEnvironment started @ Tue Apr 12 2011 06:58:00 GMT+0100 (BST)
12 Apr 06:58:00 - info: Job Local completed in 43 ms
12 Apr 06:58:00 - info: Job GuardianEnvironment completed in 383 ms
12 Apr 06:58:10 - info: Job Local started @ Tue Apr 12 2011 06:58:10 GMT+0100 (BST)
12 Apr 06:58:10 - info: Job GuardianEnvironment started @ Tue Apr 12 2011 06:58:10 GMT+0100 (BST)
12 Apr 06:58:10 - info: Job Local completed in 45 ms
12 Apr 06:58:10 - info: Job GuardianEnvironment completed in 605 ms
12 Apr 06:58:20 - info: Job Local started @ Tue Apr 12 2011 06:58:20 GMT+0100 (BST)
12 Apr 06:58:20 - info: Job GuardianEnvironment started @ Tue Apr 12 2011 06:58:20 GMT+0100 (BST)
12 Apr 06:58:20 - info: Job Local completed in 52 ms
12 Apr 06:58:20 - info: Job GuardianEnvironment completed in 368 ms
12 Apr 06:58:35 - info: Job AtomTester started @ Tue Apr 12 2011 06:58:35 GMT+0100 (BST)
12 Apr 06:58:40 - info: Job Local started @ Tue Apr 12 2011 06:58:40 GMT+0100 (BST)
12 Apr 06:58:40 - info: Job GuardianEnvironment started @ Tue Apr 12 2011 06:58:40 GMT+0100 (BST)
12 Apr 06:58:40 - info: Job Local started @ Tue Apr 12 2011 06:58:40 GMT+0100 (BST)
12 Apr 06:58:40 - info: Job GuardianEnvironment started @ Tue Apr 12 2011 06:58:40 GMT+0100 (BST)
12 Apr 06:58:40 - info: Job Local started @ Tue Apr 12 2011 06:58:40 GMT+0100 (BST)
12 Apr 06:58:40 - info: Job GuardianEnvironment started @ Tue Apr 12 2011 06:58:40 GMT+0100 (BST)
12 Apr 06:58:40 - info: Job Local completed in 77 ms
12 Apr 06:58:40 - info: Job Local completed in 147 ms
12 Apr 06:58:40 - info: Job Local completed in 150 ms
12 Apr 06:58:40 - info: Job GuardianEnvironment completed in 380 ms
12 Apr 06:58:40 - info: Job GuardianEnvironment completed in 575 ms
12 Apr 06:58:40 - info: Job GuardianEnvironment completed in 678 ms
12 Apr 06:59:28 - info: Job AtomTester started @ Tue Apr 12 2011 06:59:28 GMT+0100 (BST)
12 Apr 06:59:30 - info: Job Local started @ Tue Apr 12 2011 06:59:30 GMT+0100 (BST)
12 Apr 06:59:30 - info: Job Local started @ Tue Apr 12 2011 06:59:30 GMT+0100 (BST)
12 Apr 06:59:30 - info: Job GuardianEnvironment started @ Tue Apr 12 2011 06:59:30 GMT+0100 (BST)
12 Apr 06:59:30 - info: Job Local started @ Tue Apr 12 2011 06:59:30 GMT+0100 (BST)
12 Apr 06:59:30 - info: Job GuardianEnvironment started @ Tue Apr 12 2011 06:59:30 GMT+0100 (BST)
12 Apr 06:59:30 - info: Job GuardianEnvironment started @ Tue Apr 12 2011 06:59:30 GMT+0100 (BST)
12 Apr 06:59:30 - info: Job Local started @ Tue Apr 12 2011 06:59:30 GMT+0100 (BST)
12 Apr 06:59:30 - info: Job GuardianEnvironment started @ Tue Apr 12 2011 06:59:30 GMT+0100 (BST)
12 Apr 06:59:30 - info: Job GuardianEnvironment started @ Tue Apr 12 2011 06:59:30 GMT+0100 (BST)
12 Apr 06:59:30 - info: Job Local started @ Tue Apr 12 2011 06:59:30 GMT+0100 (BST)
12 Apr 06:59:30 - info: Job GuardianEnvironment started @ Tue Apr 12 2011 06:59:30 GMT+0100 (BST)
12 Apr 06:59:30 - info: Job Local started @ Tue Apr 12 2011 06:59:30 GMT+0100 (BST)
12 Apr 06:59:30 - info: Job Local completed in 94 ms
12 Apr 06:59:30 - info: Job Local completed in 98 ms
12 Apr 06:59:30 - info: Job Local completed in 152 ms
12 Apr 06:59:30 - info: Job Local completed in 193 ms
12 Apr 06:59:30 - info: Job Local completed in 236 ms
12 Apr 06:59:30 - info: Job Local completed in 427 ms
12 Apr 06:59:30 - info: Job GuardianEnvironment completed in 562 ms
12 Apr 06:59:30 - info: Job GuardianEnvironment completed in 780 ms
12 Apr 06:59:30 - info: Job GuardianEnvironment completed in 853 ms
12 Apr 06:59:31 - info: Job GuardianEnvironment completed in 1026 ms
12 Apr 06:59:31 - info: Job GuardianEnvironment completed in 1265 ms
12 Apr 06:59:31 - info: Job GuardianEnvironment completed in 1303 ms
12 Apr 06:59:40 - info: Job Local started @ Tue Apr 12 2011 06:59:40 GMT+0100 (BST)
12 Apr 06:59:40 - info: Job Local started @ Tue Apr 12 2011 06:59:40 GMT+0100 (BST)
12 Apr 06:59:40 - info: Job GuardianEnvironment started @ Tue Apr 12 2011 06:59:40 GMT+0100 (BST)
12 Apr 06:59:40 - info: Job Local started @ Tue Apr 12 2011 06:59:40 GMT+0100 (BST)
12 Apr 06:59:40 - info: Job GuardianEnvironment started @ Tue Apr 12 2011 06:59:40 GMT+0100 (BST)
12 Apr 06:59:40 - info: Job GuardianEnvironment started @ Tue Apr 12 2011 06:59:40 GMT+0100 (BST)
12 Apr 06:59:40 - info: Job Local started @ Tue Apr 12 2011 06:59:40 GMT+0100 (BST)
12 Apr 06:59:40 - info: Job GuardianEnvironment started @ Tue Apr 12 2011 06:59:40 GMT+0100 (BST)
12 Apr 06:59:40 - info: Job GuardianEnvironment started @ Tue Apr 12 2011 06:59:40 GMT+0100 (BST)
12 Apr 06:59:40 - info: Job Local started @ Tue Apr 12 2011 06:59:40 GMT+0100 (BST)
12 Apr 06:59:40 - info: Job GuardianEnvironment started @ Tue Apr 12 2011 06:59:40 GMT+0100 (BST)
12 Apr 06:59:40 - info: Job Local started @ Tue Apr 12 2011 06:59:40 GMT+0100 (BST)
12 Apr 06:59:40 - info: Job Local completed in 84 ms
12 Apr 06:59:40 - info: Job Local completed in 119 ms
12 Apr 06:59:40 - info: Job Local completed in 161 ms
12 Apr 06:59:40 - info: Job Local completed in 203 ms
12 Apr 06:59:40 - info: Job Local completed in 241 ms
12 Apr 06:59:40 - info: Job Local completed in 455 ms
12 Apr 06:59:40 - info: Job GuardianEnvironment completed in 551 ms
12 Apr 06:59:40 - info: Job GuardianEnvironment completed in 641 ms
12 Apr 06:59:40 - info: Job GuardianEnvironment completed in 746 ms
12 Apr 06:59:40 - info: Job GuardianEnvironment completed in 832 ms
12 Apr 06:59:41 - info: Job GuardianEnvironment completed in 1084 ms
12 Apr 06:59:41 - info: Job GuardianEnvironment completed in 1265 ms
12 Apr 06:59:50 - info: Job Local started @ Tue Apr 12 2011 06:59:50 GMT+0100 (BST)
12 Apr 06:59:50 - info: Job Local started @ Tue Apr 12 2011 06:59:50 GMT+0100 (BST)
12 Apr 06:59:50 - info: Job GuardianEnvironment started @ Tue Apr 12 2011 06:59:50 GMT+0100 (BST)
12 Apr 06:59:50 - info: Job Local started @ Tue Apr 12 2011 06:59:50 GMT+0100 (BST)
12 Apr 06:59:50 - info: Job GuardianEnvironment started @ Tue Apr 12 2011 06:59:50 GMT+0100 (BST)
12 Apr 06:59:50 - info: Job GuardianEnvironment started @ Tue Apr 12 2011 06:59:50 GMT+0100 (BST)
12 Apr 06:59:50 - info: Job Local started @ Tue Apr 12 2011 06:59:50 GMT+0100 (BST)
12 Apr 06:59:50 - info: Job GuardianEnvironment started @ Tue Apr 12 2011 06:59:50 GMT+0100 (BST)
12 Apr 06:59:50 - info: Job GuardianEnvironment started @ Tue Apr 12 2011 06:59:50 GMT+0100 (BST)
12 Apr 06:59:50 - info: Job Local started @ Tue Apr 12 2011 06:59:50 GMT+0100 (BST)
12 Apr 06:59:50 - info: Job GuardianEnvironment started @ Tue Apr 12 2011 06:59:50 GMT+0100 (BST)
12 Apr 06:59:50 - info: Job Local started @ Tue Apr 12 2011 06:59:50 GMT+0100 (BST)
12 Apr 06:59:50 - info: Job Local completed in 68 ms
12 Apr 06:59:50 - info: Job Local completed in 102 ms
12 Apr 06:59:50 - info: Job Local completed in 142 ms
12 Apr 06:59:50 - info: Job Local completed in 189 ms
12 Apr 06:59:50 - info: Job Local completed in 224 ms
12 Apr 06:59:50 - info: Job Local completed in 461 ms
12 Apr 06:59:50 - info: Job GuardianEnvironment completed in 499 ms
12 Apr 06:59:50 - info: Job GuardianEnvironment completed in 667 ms
12 Apr 06:59:50 - info: Job GuardianEnvironment completed in 734 ms
12 Apr 06:59:50 - info: Job GuardianEnvironment completed in 854 ms
12 Apr 06:59:51 - info: Job GuardianEnvironment completed in 1006 ms
12 Apr 06:59:51 - info: Job GuardianEnvironment completed in 1182 ms
12 Apr 07:00:00 - info: Job Local started @ Tue Apr 12 2011 07:00:00 GMT+0100 (BST)
12 Apr 07:00:00 - info: Job Local started @ Tue Apr 12 2011 07:00:00 GMT+0100 (BST)
12 Apr 07:00:00 - info: Job GuardianEnvironment started @ Tue Apr 12 2011 07:00:00 GMT+0100 (BST)
12 Apr 07:00:00 - info: Job Local started @ Tue Apr 12 2011 07:00:00 GMT+0100 (BST)
12 Apr 07:00:00 - info: Job GuardianEnvironment started @ Tue Apr 12 2011 07:00:00 GMT+0100 (BST)
12 Apr 07:00:00 - info: Job GuardianEnvironment started @ Tue Apr 12 2011 07:00:00 GMT+0100 (BST)
12 Apr 07:00:00 - info: Job Local started @ Tue Apr 12 2011 07:00:00 GMT+0100 (BST)
12 Apr 07:00:00 - info: Job GuardianEnvironment started @ Tue Apr 12 2011 07:00:00 GMT+0100 (BST)
12 Apr 07:00:00 - info: Job GuardianEnvironment started @ Tue Apr 12 2011 07:00:00 GMT+0100 (BST)
12 Apr 07:00:00 - info: Job Local started @ Tue Apr 12 2011 07:00:00 GMT+0100 (BST)
12 Apr 07:00:00 - info: Job GuardianEnvironment started @ Tue Apr 12 2011 07:00:00 GMT+0100 (BST)
12 Apr 07:00:00 - info: Job Local started @ Tue Apr 12 2011 07:00:00 GMT+0100 (BST)
12 Apr 07:00:00 - info: Job Local completed in 70 ms
12 Apr 07:00:00 - info: Job Local completed in 106 ms
12 Apr 07:00:00 - info: Job Local completed in 184 ms
12 Apr 07:00:00 - info: Job Local completed in 187 ms
12 Apr 07:00:00 - info: Job Local completed in 231 ms
12 Apr 07:00:00 - info: Job GuardianEnvironment completed in 468 ms
12 Apr 07:00:00 - info: Job Local completed in 521 ms
12 Apr 07:00:00 - info: Job GuardianEnvironment completed in 611 ms
12 Apr 07:00:00 - info: Job GuardianEnvironment completed in 913 ms
12 Apr 07:00:01 - info: Job GuardianEnvironment completed in 1091 ms
12 Apr 07:00:01 - info: Job GuardianEnvironment completed in 1190 ms
12 Apr 07:00:01 - info: Job GuardianEnvironment completed in 1462 ms
12 Apr 07:00:10 - info: Job Local started @ Tue Apr 12 2011 07:00:10 GMT+0100 (BST)
12 Apr 07:00:10 - info: Job Local started @ Tue Apr 12 2011 07:00:10 GMT+0100 (BST)
12 Apr 07:00:10 - info: Job GuardianEnvironment started @ Tue Apr 12 2011 07:00:10 GMT+0100 (BST)
12 Apr 07:00:10 - info: Job Local started @ Tue Apr 12 2011 07:00:10 GMT+0100 (BST)
12 Apr 07:00:10 - info: Job GuardianEnvironment started @ Tue Apr 12 2011 07:00:10 GMT+0100 (BST)
12 Apr 07:00:10 - info: Job GuardianEnvironment started @ Tue Apr 12 2011 07:00:10 GMT+0100 (BST)
12 Apr 07:00:10 - info: Job Local started @ Tue Apr 12 2011 07:00:10 GMT+0100 (BST)
12 Apr 07:00:10 - info: Job GuardianEnvironment started @ Tue Apr 12 2011 07:00:10 GMT+0100 (BST)
12 Apr 07:00:10 - info: Job GuardianEnvironment started @ Tue Apr 12 2011 07:00:10 GMT+0100 (BST)
12 Apr 07:00:10 - info: Job Local started @ Tue Apr 12 2011 07:00:10 GMT+0100 (BST)
12 Apr 07:00:10 - info: Job GuardianEnvironment started @ Tue Apr 12 2011 07:00:10 GMT+0100 (BST)
12 Apr 07:00:10 - info: Job Local started @ Tue Apr 12 2011 07:00:10 GMT+0100 (BST)
12 Apr 07:00:10 - info: Job Local completed in 81 ms
12 Apr 07:00:10 - info: Job Local completed in 86 ms
12 Apr 07:00:10 - info: Job Local completed in 309 ms
12 Apr 07:00:10 - info: Job Local completed in 347 ms
12 Apr 07:00:10 - info: Job Local completed in 584 ms
12 Apr 07:00:10 - info: Job Local completed in 705 ms
12 Apr 07:00:11 - info: Job GuardianEnvironment completed in 1143 ms
12 Apr 07:00:11 - info: Job GuardianEnvironment completed in 1209 ms
12 Apr 07:00:11 - info: Job GuardianEnvironment completed in 1325 ms
12 Apr 07:00:11 - info: Job GuardianEnvironment completed in 1489 ms
12 Apr 07:00:11 - info: Job GuardianEnvironment completed in 1798 ms
12 Apr 07:00:11 - info: Job GuardianEnvironment completed in 1939 ms
12 Apr 07:00:20 - info: Job Local started @ Tue Apr 12 2011 07:00:20 GMT+0100 (BST)
12 Apr 07:00:20 - info: Job Local started @ Tue Apr 12 2011 07:00:20 GMT+0100 (BST)
12 Apr 07:00:20 - info: Job GuardianEnvironment started @ Tue Apr 12 2011 07:00:20 GMT+0100 (BST)
12 Apr 07:00:20 - info: Job Local started @ Tue Apr 12 2011 07:00:20 GMT+0100 (BST)
12 Apr 07:00:20 - info: Job GuardianEnvironment started @ Tue Apr 12 2011 07:00:20 GMT+0100 (BST)
12 Apr 07:00:20 - info: Job GuardianEnvironment started @ Tue Apr 12 2011 07:00:20 GMT+0100 (BST)
12 Apr 07:00:20 - info: Job Local started @ Tue Apr 12 2011 07:00:20 GMT+0100 (BST)
12 Apr 07:00:20 - info: Job Local started @ Tue Apr 12 2011 07:00:20 GMT+0100 (BST)
12 Apr 07:00:20 - info: Job GuardianEnvironment started @ Tue Apr 12 2011 07:00:20 GMT+0100 (BST)
12 Apr 07:00:20 - info: Job GuardianEnvironment started @ Tue Apr 12 2011 07:00:20 GMT+0100 (BST)
12 Apr 07:00:20 - info: Job GuardianEnvironment started @ Tue Apr 12 2011 07:00:20 GMT+0100 (BST)
12 Apr 07:00:20 - info: Job Local started @ Tue Apr 12 2011 07:00:20 GMT+0100 (BST)
12 Apr 07:00:20 - info: Job GuardianEnvironment started @ Tue Apr 12 2011 07:00:20 GMT+0100 (BST)
12 Apr 07:00:20 - info: Job Local started @ Tue Apr 12 2011 07:00:20 GMT+0100 (BST)
12 Apr 07:00:20 - info: Job Local completed in 85 ms
12 Apr 07:00:20 - info: Job Local completed in 162 ms
12 Apr 07:00:20 - info: Job Local completed in 166 ms
12 Apr 07:00:20 - info: Job Local completed in 253 ms
12 Apr 07:00:20 - info: Job Local completed in 255 ms
12 Apr 07:00:20 - info: Job Local completed in 465 ms
12 Apr 07:00:20 - info: Job GuardianEnvironment completed in 507 ms
12 Apr 07:00:20 - info: Job Local completed in 569 ms
12 Apr 07:00:20 - info: Job GuardianEnvironment completed in 782 ms
12 Apr 07:00:20 - info: Job GuardianEnvironment completed in 830 ms
12 Apr 07:00:21 - info: Job GuardianEnvironment completed in 992 ms
12 Apr 07:00:21 - info: Job AtomTester started @ Tue Apr 12 2011 07:00:21 GMT+0100 (BST)
12 Apr 07:00:21 - info: Job GuardianEnvironment completed in 1075 ms
12 Apr 07:00:21 - info: Job GuardianEnvironment completed in 1288 ms
12 Apr 07:00:21 - info: Job GuardianEnvironment completed in 1411 ms
12 Apr 07:06:35 - info: Job AtomTester started @ Tue Apr 12 2011 07:06:35 GMT+0100 (BST)
12 Apr 07:06:40 - info: Job GuardianEnvironment started @ Tue Apr 12 2011 07:06:40 GMT+0100 (BST)
12 Apr 07:06:40 - info: Job Local started @ Tue Apr 12 2011 07:06:40 GMT+0100 (BST)
12 Apr 07:06:40 - info: Job Local completed in 88 ms
12 Apr 07:06:40 - info: Job GuardianEnvironment completed in 455 ms
12 Apr 07:06:42 - info: Job AtomTester started @ Tue Apr 12 2011 07:06:42 GMT+0100 (BST)
12 Apr 07:06:50 - info: Job GuardianEnvironment started @ Tue Apr 12 2011 07:06:50 GMT+0100 (BST)
12 Apr 07:06:50 - info: Job GuardianEnvironment started @ Tue Apr 12 2011 07:06:50 GMT+0100 (BST)
12 Apr 07:06:50 - info: Job Local started @ Tue Apr 12 2011 07:06:50 GMT+0100 (BST)
12 Apr 07:06:50 - info: Job Local started @ Tue Apr 12 2011 07:06:50 GMT+0100 (BST)
12 Apr 07:06:50 - info: Job Local completed in 61 ms
12 Apr 07:06:50 - info: Job Local completed in 102 ms
12 Apr 07:06:50 - info: Job GuardianEnvironment completed in 439 ms
12 Apr 07:06:50 - info: Job GuardianEnvironment completed in 572 ms
12 Apr 07:08:00 - info: Job Local started @ Tue Apr 12 2011 07:08:00 GMT+0100 (BST)
12 Apr 07:08:00 - info: Job GuardianEnvironment started @ Tue Apr 12 2011 07:08:00 GMT+0100 (BST)
12 Apr 07:08:00 - info: Job AtomTester started @ Tue Apr 12 2011 07:08:00 GMT+0100 (BST)
12 Apr 07:08:00 - info: Job Local completed in 64 ms
12 Apr 07:08:00 - info: Job GuardianEnvironment completed in 540 ms
12 Apr 07:08:10 - info: Job Local started @ Tue Apr 12 2011 07:08:10 GMT+0100 (BST)
12 Apr 07:08:10 - info: Job GuardianEnvironment started @ Tue Apr 12 2011 07:08:10 GMT+0100 (BST)
12 Apr 07:08:10 - info: Job Local completed in 52 ms
12 Apr 07:08:10 - info: Job GuardianEnvironment completed in 656 ms
12 Apr 07:08:20 - info: Job Local started @ Tue Apr 12 2011 07:08:20 GMT+0100 (BST)
12 Apr 07:08:20 - info: Job GuardianEnvironment started @ Tue Apr 12 2011 07:08:20 GMT+0100 (BST)
12 Apr 07:08:20 - info: Job Local completed in 45 ms
12 Apr 07:08:20 - info: Job GuardianEnvironment completed in 345 ms
12 Apr 07:09:57 - debug: HERE
12 Apr 07:10:13 - debug: HERE
12 Apr 07:11:03 - debug: undefined
12 Apr 07:11:56 - info: Job AtomTester started @ Tue Apr 12 2011 07:11:56 GMT+0100 (BST)
12 Apr 07:12:00 - info: Job GuardianEnvironment started @ Tue Apr 12 2011 07:12:00 GMT+0100 (BST)
12 Apr 07:12:00 - info: Job Local started @ Tue Apr 12 2011 07:12:00 GMT+0100 (BST)
12 Apr 07:12:00 - info: Job Local completed in 51 ms
12 Apr 07:12:00 - info: Job GuardianEnvironment completed in 486 ms
12 Apr 07:12:07 - info: Job AtomTester started @ Tue Apr 12 2011 07:12:07 GMT+0100 (BST)
12 Apr 07:12:10 - info: Job GuardianEnvironment started @ Tue Apr 12 2011 07:12:10 GMT+0100 (BST)
12 Apr 07:12:10 - info: Job Local started @ Tue Apr 12 2011 07:12:10 GMT+0100 (BST)
12 Apr 07:12:10 - info: Job GuardianEnvironment started @ Tue Apr 12 2011 07:12:10 GMT+0100 (BST)
12 Apr 07:12:10 - info: Job Local started @ Tue Apr 12 2011 07:12:10 GMT+0100 (BST)
12 Apr 07:12:10 - info: Job Local completed in 46 ms
12 Apr 07:12:10 - info: Job Local completed in 153 ms
12 Apr 07:12:10 - info: Job GuardianEnvironment completed in 646 ms
12 Apr 07:12:10 - info: Job GuardianEnvironment completed in 834 ms
12 Apr 07:12:20 - info: Job GuardianEnvironment started @ Tue Apr 12 2011 07:12:20 GMT+0100 (BST)
12 Apr 07:12:20 - info: Job Local started @ Tue Apr 12 2011 07:12:20 GMT+0100 (BST)
12 Apr 07:12:20 - info: Job GuardianEnvironment started @ Tue Apr 12 2011 07:12:20 GMT+0100 (BST)
12 Apr 07:12:20 - info: Job Local started @ Tue Apr 12 2011 07:12:20 GMT+0100 (BST)
12 Apr 07:12:20 - info: Job Local completed in 45 ms
12 Apr 07:12:20 - info: Job Local completed in 118 ms
12 Apr 07:12:20 - info: Job GuardianEnvironment completed in 425 ms
12 Apr 07:12:20 - info: Job GuardianEnvironment completed in 615 ms
12 Apr 07:12:21 - info: Job AtomTester started @ Tue Apr 12 2011 07:12:21 GMT+0100 (BST)
12 Apr 07:12:30 - info: Job Local started @ Tue Apr 12 2011 07:12:30 GMT+0100 (BST)
12 Apr 07:12:30 - info: Job GuardianEnvironment started @ Tue Apr 12 2011 07:12:30 GMT+0100 (BST)
12 Apr 07:12:30 - info: Job GuardianEnvironment started @ Tue Apr 12 2011 07:12:30 GMT+0100 (BST)
12 Apr 07:12:30 - info: Job Local started @ Tue Apr 12 2011 07:12:30 GMT+0100 (BST)
12 Apr 07:12:30 - info: Job GuardianEnvironment started @ Tue Apr 12 2011 07:12:30 GMT+0100 (BST)
12 Apr 07:12:30 - info: Job Local started @ Tue Apr 12 2011 07:12:30 GMT+0100 (BST)
12 Apr 07:12:30 - info: Job Local completed in 53 ms
12 Apr 07:12:30 - info: Job Local completed in 87 ms
12 Apr 07:12:30 - info: Job Local completed in 130 ms
12 Apr 07:12:30 - info: Job GuardianEnvironment completed in 403 ms
12 Apr 07:12:30 - info: Job GuardianEnvironment completed in 571 ms
12 Apr 07:12:30 - info: Job GuardianEnvironment completed in 692 ms
12 Apr 07:13:07 - info: Job AtomTester started @ Tue Apr 12 2011 07:13:07 GMT+0100 (BST)
12 Apr 07:13:10 - info: Job Local started @ Tue Apr 12 2011 07:13:10 GMT+0100 (BST)
12 Apr 07:13:10 - info: Job GuardianEnvironment started @ Tue Apr 12 2011 07:13:10 GMT+0100 (BST)
12 Apr 07:13:10 - info: Job Local completed in 70 ms
12 Apr 07:13:10 - info: Job GuardianEnvironment completed in 418 ms
12 Apr 07:13:18 - debug: CHECKING : template
12 Apr 07:13:18 - error: TypeError: Cannot read property 'reload' of undefined
12 Apr 07:13:20 - info: Job Local started @ Tue Apr 12 2011 07:13:20 GMT+0100 (BST)
12 Apr 07:13:20 - info: Job GuardianEnvironment started @ Tue Apr 12 2011 07:13:20 GMT+0100 (BST)
12 Apr 07:13:20 - info: Job Local completed in 46 ms
12 Apr 07:13:20 - info: Job GuardianEnvironment completed in 348 ms
12 Apr 07:14:28 - info: Job AtomTester started @ Tue Apr 12 2011 07:14:28 GMT+0100 (BST)
12 Apr 07:14:30 - info: Job Local started @ Tue Apr 12 2011 07:14:30 GMT+0100 (BST)
12 Apr 07:14:30 - info: Job GuardianEnvironment started @ Tue Apr 12 2011 07:14:30 GMT+0100 (BST)
12 Apr 07:14:30 - info: Job Local completed in 46 ms
12 Apr 07:14:30 - info: Job GuardianEnvironment completed in 375 ms
12 Apr 07:14:34 - debug: CHECKING : template
12 Apr 07:14:34 - error: TypeError: Cannot read property 'reload' of undefined
12 Apr 07:14:40 - info: Job Local started @ Tue Apr 12 2011 07:14:40 GMT+0100 (BST)
12 Apr 07:14:40 - info: Job GuardianEnvironment started @ Tue Apr 12 2011 07:14:40 GMT+0100 (BST)
12 Apr 07:14:40 - info: Job Local completed in 63 ms
12 Apr 07:14:40 - info: Job GuardianEnvironment completed in 448 ms
12 Apr 07:15:20 - info: Job Local started @ Tue Apr 12 2011 07:15:20 GMT+0100 (BST)
12 Apr 07:15:20 - info: Job GuardianEnvironment started @ Tue Apr 12 2011 07:15:20 GMT+0100 (BST)
12 Apr 07:15:20 - info: Job Local completed in 73 ms
12 Apr 07:15:20 - info: Job GuardianEnvironment completed in 398 ms
12 Apr 07:15:21 - info: Job AtomTester started @ Tue Apr 12 2011 07:15:21 GMT+0100 (BST)
12 Apr 07:15:28 - debug: CHECKING : template
12 Apr 07:15:28 - debug: CHECKING : admin
12 Apr 07:15:28 - debug: CHECKING : content
12 Apr 07:15:28 - debug: CHECKING : feeds
12 Apr 07:15:28 - debug: CHECKING : news
12 Apr 07:15:28 - debug: CHECKING : scheduler
12 Apr 07:15:28 - debug: scheduler RELOAD
12 Apr 07:15:28 - debug: CHECKING : user
12 Apr 07:15:30 - info: Job Local started @ Tue Apr 12 2011 07:15:30 GMT+0100 (BST)
12 Apr 07:15:30 - info: Job GuardianEnvironment started @ Tue Apr 12 2011 07:15:30 GMT+0100 (BST)
12 Apr 07:15:30 - info: Job Local started @ Tue Apr 12 2011 07:15:30 GMT+0100 (BST)
12 Apr 07:15:30 - info: Job GuardianEnvironment started @ Tue Apr 12 2011 07:15:30 GMT+0100 (BST)
12 Apr 07:15:30 - info: Job Local completed in 52 ms
12 Apr 07:15:30 - info: Job Local completed in 125 ms
12 Apr 07:15:30 - info: Job GuardianEnvironment completed in 406 ms
12 Apr 07:15:30 - info: Job GuardianEnvironment completed in 581 ms
12 Apr 07:15:35 - info: Job AtomTester started @ Tue Apr 12 2011 07:15:35 GMT+0100 (BST)
12 Apr 07:16:56 - info: Job AtomTester started @ Tue Apr 12 2011 07:16:56 GMT+0100 (BST)
12 Apr 07:16:58 - debug: CHECKING : template
12 Apr 07:16:58 - debug: CHECKING : admin
12 Apr 07:16:58 - debug: CHECKING : content
12 Apr 07:16:58 - debug: CHECKING : feeds
12 Apr 07:16:58 - debug: CHECKING : news
12 Apr 07:16:58 - debug: CHECKING : scheduler
12 Apr 07:16:58 - debug: scheduler RELOAD
12 Apr 07:16:58 - debug: CHECKING : user
12 Apr 07:17:00 - info: Job GuardianEnvironment started @ Tue Apr 12 2011 07:17:00 GMT+0100 (BST)
12 Apr 07:17:00 - info: Job Local started @ Tue Apr 12 2011 07:17:00 GMT+0100 (BST)
12 Apr 07:17:00 - info: Job Local started @ Tue Apr 12 2011 07:17:00 GMT+0100 (BST)
12 Apr 07:17:00 - info: Job GuardianEnvironment started @ Tue Apr 12 2011 07:17:00 GMT+0100 (BST)
12 Apr 07:17:00 - info: Job AtomTester started @ Tue Apr 12 2011 07:17:00 GMT+0100 (BST)
12 Apr 07:17:00 - info: Job Local completed in 58 ms
12 Apr 07:17:00 - info: Job Local completed in 98 ms
12 Apr 07:17:00 - info: Job GuardianEnvironment completed in 497 ms
12 Apr 07:17:00 - info: Job GuardianEnvironment completed in 619 ms
12 Apr 07:17:10 - info: Job GuardianEnvironment started @ Tue Apr 12 2011 07:17:10 GMT+0100 (BST)
12 Apr 07:17:10 - info: Job Local started @ Tue Apr 12 2011 07:17:10 GMT+0100 (BST)
12 Apr 07:17:10 - info: Job Local started @ Tue Apr 12 2011 07:17:10 GMT+0100 (BST)
12 Apr 07:17:10 - info: Job GuardianEnvironment started @ Tue Apr 12 2011 07:17:10 GMT+0100 (BST)
12 Apr 07:17:10 - info: Job Local completed in 53 ms
12 Apr 07:17:10 - info: Job Local completed in 95 ms
12 Apr 07:17:10 - info: Job GuardianEnvironment completed in 428 ms
12 Apr 07:17:10 - info: Job GuardianEnvironment completed in 544 ms
12 Apr 07:17:49 - info: Job AtomTester started @ Tue Apr 12 2011 07:17:49 GMT+0100 (BST)
12 Apr 07:17:50 - info: Job Local started @ Tue Apr 12 2011 07:17:50 GMT+0100 (BST)
12 Apr 07:17:50 - info: Job GuardianEnvironment started @ Tue Apr 12 2011 07:17:50 GMT+0100 (BST)
12 Apr 07:17:50 - info: Job Local completed in 62 ms
12 Apr 07:17:50 - info: Job GuardianEnvironment completed in 407 ms
12 Apr 07:17:58 - debug: CHECKING : template
12 Apr 07:17:58 - debug: CHECKING : admin
12 Apr 07:17:58 - debug: CHECKING : content
12 Apr 07:17:58 - debug: CHECKING : feeds
12 Apr 07:17:58 - debug: CHECKING : news
12 Apr 07:17:58 - debug: CHECKING : scheduler
12 Apr 07:17:58 - debug: scheduler RELOAD
12 Apr 07:17:58 - debug: CHECKING : user
12 Apr 07:18:00 - info: Job Local started @ Tue Apr 12 2011 07:18:00 GMT+0100 (BST)
12 Apr 07:18:00 - info: Job GuardianEnvironment started @ Tue Apr 12 2011 07:18:00 GMT+0100 (BST)
12 Apr 07:18:00 - info: Job AtomTester started @ Tue Apr 12 2011 07:18:00 GMT+0100 (BST)
12 Apr 07:18:00 - info: Job Local started @ Tue Apr 12 2011 07:18:00 GMT+0100 (BST)
12 Apr 07:18:00 - info: Job GuardianEnvironment started @ Tue Apr 12 2011 07:18:00 GMT+0100 (BST)
12 Apr 07:18:00 - info: Job Local completed in 89 ms
12 Apr 07:18:00 - info: Job Local completed in 96 ms
12 Apr 07:18:00 - info: Job GuardianEnvironment completed in 458 ms
12 Apr 07:18:00 - info: Job GuardianEnvironment completed in 588 ms
12 Apr 07:18:35 - info: Job AtomTester started @ Tue Apr 12 2011 07:18:35 GMT+0100 (BST)
12 Apr 07:18:40 - info: Job Local started @ Tue Apr 12 2011 07:18:40 GMT+0100 (BST)
12 Apr 07:18:40 - info: Job GuardianEnvironment started @ Tue Apr 12 2011 07:18:40 GMT+0100 (BST)
12 Apr 07:18:40 - info: Job Local completed in 47 ms
12 Apr 07:18:40 - info: Job GuardianEnvironment completed in 420 ms
12 Apr 07:18:42 - debug: CHECKING : template
12 Apr 07:18:42 - debug: CHECKING : admin
12 Apr 07:18:42 - debug: CHECKING : content
12 Apr 07:18:42 - debug: CHECKING : feeds
12 Apr 07:18:42 - debug: CHECKING : news
12 Apr 07:18:42 - debug: CHECKING : scheduler
12 Apr 07:18:42 - debug: [object Object]
12 Apr 07:18:42 - debug: CHECKING : user
12 Apr 07:18:49 - info: Job AtomTester started @ Tue Apr 12 2011 07:18:49 GMT+0100 (BST)
12 Apr 07:18:50 - info: Job GuardianEnvironment started @ Tue Apr 12 2011 07:18:50 GMT+0100 (BST)
12 Apr 07:18:50 - info: Job Local started @ Tue Apr 12 2011 07:18:50 GMT+0100 (BST)
12 Apr 07:18:50 - info: Job Local completed in 63 ms
12 Apr 07:18:50 - info: Job GuardianEnvironment completed in 381 ms
12 Apr 07:18:56 - debug: CHECKING : template
12 Apr 07:18:56 - debug: CHECKING : admin
12 Apr 07:18:56 - debug: CHECKING : content
12 Apr 07:18:56 - debug: CHECKING : feeds
12 Apr 07:18:56 - debug: CHECKING : news
12 Apr 07:18:56 - debug: CHECKING : scheduler
12 Apr 07:18:56 - debug: scheduler DISABLE
12 Apr 07:18:56 - debug: [object Object]
12 Apr 07:18:56 - debug: CHECKING : user
12 Apr 07:22:04 - debug: User logged in ... [object Object]
12 Apr 07:22:08 - debug: CHECKING : template
12 Apr 07:22:08 - debug: CHECKING : admin
12 Apr 07:22:08 - debug: CHECKING : content
12 Apr 07:22:08 - debug: CHECKING : feeds
12 Apr 07:22:08 - debug: CHECKING : news
12 Apr 07:22:08 - debug: CHECKING : scheduler
12 Apr 07:22:08 - debug: CHECKING : user
12 Apr 07:22:10 - info: Job Local started @ Tue Apr 12 2011 07:22:10 GMT+0100 (BST)
12 Apr 07:22:10 - info: Job GuardianEnvironment started @ Tue Apr 12 2011 07:22:10 GMT+0100 (BST)
12 Apr 07:22:10 - info: Job Local completed in 56 ms
12 Apr 07:22:10 - info: Job GuardianEnvironment completed in 778 ms
12 Apr 07:22:14 - info: Job AtomTester started @ Tue Apr 12 2011 07:22:14 GMT+0100 (BST)
12 Apr 07:22:20 - info: Job Local started @ Tue Apr 12 2011 07:22:20 GMT+0100 (BST)
12 Apr 07:22:20 - info: Job GuardianEnvironment started @ Tue Apr 12 2011 07:22:20 GMT+0100 (BST)
12 Apr 07:22:20 - info: Job Local completed in 45 ms
12 Apr 07:22:20 - info: Job GuardianEnvironment completed in 444 ms
12 Apr 19:21:20 - debug: Job Local started @ Tue Apr 12 2011 19:21:20 GMT+0100 (BST)
12 Apr 19:21:20 - debug: Job GuardianEnvironment started @ Tue Apr 12 2011 19:21:20 GMT+0100 (BST)
12 Apr 19:21:20 - error: Job GuardianEnvironment completed with an error: Error: ECONNREFUSED, Could not contact DNS servers
12 Apr 19:21:20 - debug: Job Local completed in 64 ms
12 Apr 19:21:21 - debug: Job AtomTester started @ Tue Apr 12 2011 19:21:21 GMT+0100 (BST)
12 Apr 19:21:21 - error: Job AtomTester completed with an error: Error: ECONNREFUSED, Could not contact DNS servers
12 Apr 19:21:28 - debug: Job AtomTester started @ Tue Apr 12 2011 19:21:28 GMT+0100 (BST)
12 Apr 19:21:28 - error: Job AtomTester completed with an error: Error: ECONNREFUSED, Could not contact DNS servers
12 Apr 19:21:30 - debug: Job Local started @ Tue Apr 12 2011 19:21:30 GMT+0100 (BST)
12 Apr 19:21:30 - debug: Job GuardianEnvironment started @ Tue Apr 12 2011 19:21:30 GMT+0100 (BST)
12 Apr 19:21:30 - error: Job GuardianEnvironment completed with an error: Error: ECONNREFUSED, Could not contact DNS servers
12 Apr 19:21:30 - debug: Job Local completed in 65 ms
12 Apr 19:23:00 - debug: Job GuardianEnvironment started @ Tue Apr 12 2011 19:23:00 GMT+0100 (BST)
12 Apr 19:23:00 - debug: Job AtomTester started @ Tue Apr 12 2011 19:23:00 GMT+0100 (BST)
12 Apr 19:23:00 - debug: Job Local started @ Tue Apr 12 2011 19:23:00 GMT+0100 (BST)
12 Apr 19:23:00 - error: Job AtomTester completed with an error: Error: ECONNREFUSED, Could not contact DNS servers
12 Apr 19:23:00 - error: Job GuardianEnvironment completed with an error: Error: ECONNREFUSED, Could not contact DNS servers
12 Apr 19:23:00 - debug: Job Local completed in 38 ms
12 Apr 19:23:07 - debug: Job AtomTester started @ Tue Apr 12 2011 19:23:07 GMT+0100 (BST)
12 Apr 19:23:07 - error: Job AtomTester completed with an error: Error: ECONNREFUSED, Could not contact DNS servers
12 Apr 19:23:10 - debug: Job GuardianEnvironment started @ Tue Apr 12 2011 19:23:10 GMT+0100 (BST)
12 Apr 19:23:10 - debug: Job Local started @ Tue Apr 12 2011 19:23:10 GMT+0100 (BST)
12 Apr 19:23:10 - error: Job GuardianEnvironment completed with an error: Error: ECONNREFUSED, Could not contact DNS servers
12 Apr 19:23:10 - debug: Job Local completed in 53 ms
12 Apr 19:23:14 - debug: Job AtomTester started @ Tue Apr 12 2011 19:23:14 GMT+0100 (BST)
12 Apr 19:23:14 - error: Job AtomTester completed with an error: Error: ECONNREFUSED, Could not contact DNS servers
12 Apr 19:23:20 - debug: Job GuardianEnvironment started @ Tue Apr 12 2011 19:23:20 GMT+0100 (BST)
12 Apr 19:23:20 - debug: Job Local started @ Tue Apr 12 2011 19:23:20 GMT+0100 (BST)
12 Apr 19:23:20 - error: Job GuardianEnvironment completed with an error: Error: ECONNREFUSED, Could not contact DNS servers
12 Apr 19:23:20 - debug: Job Local completed in 47 ms
12 Apr 19:23:21 - debug: Job AtomTester started @ Tue Apr 12 2011 19:23:21 GMT+0100 (BST)
12 Apr 19:23:21 - error: Job AtomTester completed with an error: Error: ECONNREFUSED, Could not contact DNS servers
12 Apr 19:23:28 - debug: Job AtomTester started @ Tue Apr 12 2011 19:23:28 GMT+0100 (BST)
12 Apr 19:23:28 - error: Job AtomTester completed with an error: Error: ECONNREFUSED, Could not contact DNS servers
12 Apr 19:23:30 - debug: Job GuardianEnvironment started @ Tue Apr 12 2011 19:23:30 GMT+0100 (BST)
12 Apr 19:23:30 - debug: Job Local started @ Tue Apr 12 2011 19:23:30 GMT+0100 (BST)
12 Apr 19:23:30 - error: Job GuardianEnvironment completed with an error: Error: ECONNREFUSED, Could not contact DNS servers
12 Apr 19:23:30 - debug: Job Local completed in 49 ms
12 Apr 19:23:35 - debug: Job AtomTester started @ Tue Apr 12 2011 19:23:35 GMT+0100 (BST)
12 Apr 19:23:35 - error: Job AtomTester completed with an error: Error: ECONNREFUSED, Could not contact DNS servers
12 Apr 19:23:40 - debug: Job GuardianEnvironment started @ Tue Apr 12 2011 19:23:40 GMT+0100 (BST)
12 Apr 19:23:40 - debug: Job Local started @ Tue Apr 12 2011 19:23:40 GMT+0100 (BST)
12 Apr 19:23:40 - error: Job GuardianEnvironment completed with an error: Error: ECONNREFUSED, Could not contact DNS servers
12 Apr 19:23:40 - debug: Job Local completed in 47 ms
12 Apr 19:23:42 - debug: Job AtomTester started @ Tue Apr 12 2011 19:23:42 GMT+0100 (BST)
12 Apr 19:23:42 - error: Job AtomTester completed with an error: Error: ECONNREFUSED, Could not contact DNS servers
12 Apr 19:23:49 - debug: Job AtomTester started @ Tue Apr 12 2011 19:23:49 GMT+0100 (BST)
12 Apr 19:23:49 - error: Job AtomTester completed with an error: Error: ECONNREFUSED, Could not contact DNS servers
12 Apr 19:23:50 - debug: Job GuardianEnvironment started @ Tue Apr 12 2011 19:23:50 GMT+0100 (BST)
12 Apr 19:23:50 - debug: Job Local started @ Tue Apr 12 2011 19:23:50 GMT+0100 (BST)
12 Apr 19:23:50 - error: Job GuardianEnvironment completed with an error: Error: ECONNREFUSED, Could not contact DNS servers
12 Apr 19:23:50 - debug: Job Local completed in 46 ms
12 Apr 19:23:56 - debug: Job AtomTester started @ Tue Apr 12 2011 19:23:56 GMT+0100 (BST)
12 Apr 19:23:56 - error: Job AtomTester completed with an error: Error: ECONNREFUSED, Could not contact DNS servers
12 Apr 19:24:00 - debug: Job GuardianEnvironment started @ Tue Apr 12 2011 19:24:00 GMT+0100 (BST)
12 Apr 19:24:00 - debug: Job AtomTester started @ Tue Apr 12 2011 19:24:00 GMT+0100 (BST)
12 Apr 19:24:00 - debug: Job Local started @ Tue Apr 12 2011 19:24:00 GMT+0100 (BST)
12 Apr 19:24:00 - error: Job AtomTester completed with an error: Error: ECONNREFUSED, Could not contact DNS servers
12 Apr 19:24:00 - error: Job GuardianEnvironment completed with an error: Error: ECONNREFUSED, Could not contact DNS servers
12 Apr 19:24:00 - debug: Job Local completed in 48 ms
12 Apr 19:24:07 - debug: Job AtomTester started @ Tue Apr 12 2011 19:24:07 GMT+0100 (BST)
12 Apr 19:24:07 - error: Job AtomTester completed with an error: Error: ECONNREFUSED, Could not contact DNS servers
12 Apr 19:24:10 - debug: Job Local started @ Tue Apr 12 2011 19:24:10 GMT+0100 (BST)
12 Apr 19:24:10 - debug: Job GuardianEnvironment started @ Tue Apr 12 2011 19:24:10 GMT+0100 (BST)
12 Apr 19:24:10 - error: Job GuardianEnvironment completed with an error: Error: ECONNREFUSED, Could not contact DNS servers
12 Apr 19:24:10 - debug: Job Local completed in 43 ms
12 Apr 19:24:14 - debug: Job AtomTester started @ Tue Apr 12 2011 19:24:14 GMT+0100 (BST)
12 Apr 19:24:14 - error: Job AtomTester completed with an error: Error: ECONNREFUSED, Could not contact DNS servers
12 Apr 19:24:20 - debug: Job Local started @ Tue Apr 12 2011 19:24:20 GMT+0100 (BST)
12 Apr 19:24:20 - debug: Job GuardianEnvironment started @ Tue Apr 12 2011 19:24:20 GMT+0100 (BST)
12 Apr 19:24:20 - error: Job GuardianEnvironment completed with an error: Error: ECONNREFUSED, Could not contact DNS servers
12 Apr 19:24:20 - debug: Job Local completed in 46 ms
12 Apr 19:24:21 - debug: Job AtomTester started @ Tue Apr 12 2011 19:24:21 GMT+0100 (BST)
12 Apr 19:24:21 - error: Job AtomTester completed with an error: Error: ECONNREFUSED, Could not contact DNS servers
12 Apr 19:24:28 - debug: Job AtomTester started @ Tue Apr 12 2011 19:24:28 GMT+0100 (BST)
12 Apr 19:24:28 - error: Job AtomTester completed with an error: Error: ECONNREFUSED, Could not contact DNS servers
12 Apr 19:24:30 - debug: Job Local started @ Tue Apr 12 2011 19:24:30 GMT+0100 (BST)
12 Apr 19:24:30 - debug: Job GuardianEnvironment started @ Tue Apr 12 2011 19:24:30 GMT+0100 (BST)
12 Apr 19:24:30 - error: Job GuardianEnvironment completed with an error: Error: ECONNREFUSED, Could not contact DNS servers
12 Apr 19:24:30 - debug: Job Local completed in 48 ms
12 Apr 19:24:35 - debug: Job AtomTester started @ Tue Apr 12 2011 19:24:35 GMT+0100 (BST)
12 Apr 19:24:35 - error: Job AtomTester completed with an error: Error: ECONNREFUSED, Could not contact DNS servers
12 Apr 19:24:40 - debug: Job Local started @ Tue Apr 12 2011 19:24:40 GMT+0100 (BST)
12 Apr 19:24:40 - debug: Job GuardianEnvironment started @ Tue Apr 12 2011 19:24:40 GMT+0100 (BST)
12 Apr 19:24:40 - error: Job GuardianEnvironment completed with an error: Error: ECONNREFUSED, Could not contact DNS servers
12 Apr 19:24:40 - debug: Job Local completed in 43 ms
12 Apr 19:24:42 - debug: Job AtomTester started @ Tue Apr 12 2011 19:24:42 GMT+0100 (BST)
12 Apr 19:24:42 - error: Job AtomTester completed with an error: Error: ECONNREFUSED, Could not contact DNS servers
12 Apr 19:24:49 - debug: Job AtomTester started @ Tue Apr 12 2011 19:24:49 GMT+0100 (BST)
12 Apr 19:24:49 - error: Job AtomTester completed with an error: Error: ECONNREFUSED, Could not contact DNS servers
12 Apr 19:24:50 - debug: Job Local started @ Tue Apr 12 2011 19:24:50 GMT+0100 (BST)
12 Apr 19:24:50 - debug: Job GuardianEnvironment started @ Tue Apr 12 2011 19:24:50 GMT+0100 (BST)
12 Apr 19:24:50 - error: Job GuardianEnvironment completed with an error: Error: ECONNREFUSED, Could not contact DNS servers
12 Apr 19:24:50 - debug: Job Local completed in 51 ms
12 Apr 19:24:56 - debug: Job AtomTester started @ Tue Apr 12 2011 19:24:56 GMT+0100 (BST)
12 Apr 19:24:56 - error: Job AtomTester completed with an error: Error: ECONNREFUSED, Could not contact DNS servers
12 Apr 19:25:00 - debug: Job Local started @ Tue Apr 12 2011 19:25:00 GMT+0100 (BST)
12 Apr 19:25:00 - debug: Job GuardianEnvironment started @ Tue Apr 12 2011 19:25:00 GMT+0100 (BST)
12 Apr 19:25:00 - debug: Job AtomTester started @ Tue Apr 12 2011 19:25:00 GMT+0100 (BST)
12 Apr 19:25:00 - error: Job AtomTester completed with an error: Error: ECONNREFUSED, Could not contact DNS servers
12 Apr 19:25:00 - error: Job GuardianEnvironment completed with an error: Error: ECONNREFUSED, Could not contact DNS servers
12 Apr 19:25:00 - debug: Job Local completed in 53 ms
12 Apr 19:25:07 - debug: Job AtomTester started @ Tue Apr 12 2011 19:25:07 GMT+0100 (BST)
12 Apr 19:25:07 - error: Job AtomTester completed with an error: Error: ECONNREFUSED, Could not contact DNS servers
12 Apr 19:25:10 - debug: Job Local started @ Tue Apr 12 2011 19:25:10 GMT+0100 (BST)
12 Apr 19:25:10 - debug: Job GuardianEnvironment started @ Tue Apr 12 2011 19:25:10 GMT+0100 (BST)
12 Apr 19:25:10 - error: Job GuardianEnvironment completed with an error: Error: ECONNREFUSED, Could not contact DNS servers
12 Apr 19:25:10 - debug: Job Local completed in 51 ms
12 Apr 19:25:14 - debug: Job AtomTester started @ Tue Apr 12 2011 19:25:14 GMT+0100 (BST)
12 Apr 19:25:14 - error: Job AtomTester completed with an error: Error: ECONNREFUSED, Could not contact DNS servers
12 Apr 19:25:20 - debug: Job Local started @ Tue Apr 12 2011 19:25:20 GMT+0100 (BST)
12 Apr 19:25:20 - debug: Job GuardianEnvironment started @ Tue Apr 12 2011 19:25:20 GMT+0100 (BST)
12 Apr 19:25:20 - error: Job GuardianEnvironment completed with an error: Error: ECONNREFUSED, Could not contact DNS servers
12 Apr 19:25:20 - debug: Job Local completed in 51 ms
12 Apr 19:25:21 - debug: Job AtomTester started @ Tue Apr 12 2011 19:25:21 GMT+0100 (BST)
12 Apr 19:25:21 - error: Job AtomTester completed with an error: Error: ECONNREFUSED, Could not contact DNS servers
12 Apr 19:25:28 - debug: Job AtomTester started @ Tue Apr 12 2011 19:25:28 GMT+0100 (BST)
12 Apr 19:25:28 - error: Job AtomTester completed with an error: Error: ECONNREFUSED, Could not contact DNS servers
12 Apr 19:25:30 - debug: Job Local started @ Tue Apr 12 2011 19:25:30 GMT+0100 (BST)
12 Apr 19:25:30 - debug: Job GuardianEnvironment started @ Tue Apr 12 2011 19:25:30 GMT+0100 (BST)
12 Apr 19:25:30 - error: Job GuardianEnvironment completed with an error: Error: ECONNREFUSED, Could not contact DNS servers
12 Apr 19:25:30 - debug: Job Local completed in 51 ms
12 Apr 19:25:35 - debug: Job AtomTester started @ Tue Apr 12 2011 19:25:35 GMT+0100 (BST)
12 Apr 19:25:35 - error: Job AtomTester completed with an error: Error: ECONNREFUSED, Could not contact DNS servers
12 Apr 19:25:40 - debug: Job Local started @ Tue Apr 12 2011 19:25:40 GMT+0100 (BST)
12 Apr 19:25:40 - debug: Job GuardianEnvironment started @ Tue Apr 12 2011 19:25:40 GMT+0100 (BST)
12 Apr 19:25:40 - error: Job GuardianEnvironment completed with an error: Error: ECONNREFUSED, Could not contact DNS servers
12 Apr 19:25:40 - debug: Job Local completed in 50 ms
12 Apr 19:25:42 - debug: Job AtomTester started @ Tue Apr 12 2011 19:25:42 GMT+0100 (BST)
12 Apr 19:25:42 - error: Job AtomTester completed with an error: Error: ECONNREFUSED, Could not contact DNS servers
12 Apr 19:25:49 - debug: Job AtomTester started @ Tue Apr 12 2011 19:25:49 GMT+0100 (BST)
12 Apr 19:25:49 - error: Job AtomTester completed with an error: Error: ECONNREFUSED, Could not contact DNS servers
12 Apr 19:25:50 - debug: Job Local started @ Tue Apr 12 2011 19:25:50 GMT+0100 (BST)
12 Apr 19:25:50 - debug: Job GuardianEnvironment started @ Tue Apr 12 2011 19:25:50 GMT+0100 (BST)
12 Apr 19:25:50 - error: Job GuardianEnvironment completed with an error: Error: ECONNREFUSED, Could not contact DNS servers
12 Apr 19:25:50 - debug: Job Local completed in 44 ms
12 Apr 19:25:56 - debug: Job AtomTester started @ Tue Apr 12 2011 19:25:56 GMT+0100 (BST)
12 Apr 19:25:56 - error: Job AtomTester completed with an error: Error: ECONNREFUSED, Could not contact DNS servers
12 Apr 19:26:00 - debug: Job Local started @ Tue Apr 12 2011 19:26:00 GMT+0100 (BST)
12 Apr 19:26:00 - debug: Job GuardianEnvironment started @ Tue Apr 12 2011 19:26:00 GMT+0100 (BST)
12 Apr 19:26:00 - debug: Job AtomTester started @ Tue Apr 12 2011 19:26:00 GMT+0100 (BST)
12 Apr 19:26:00 - error: Job AtomTester completed with an error: Error: ECONNREFUSED, Could not contact DNS servers
12 Apr 19:26:00 - error: Job GuardianEnvironment completed with an error: Error: ECONNREFUSED, Could not contact DNS servers
12 Apr 19:26:00 - debug: Job Local completed in 46 ms
12 Apr 19:26:07 - debug: Job AtomTester started @ Tue Apr 12 2011 19:26:07 GMT+0100 (BST)
12 Apr 19:26:07 - error: Job AtomTester completed with an error: Error: ECONNREFUSED, Could not contact DNS servers
12 Apr 19:26:10 - debug: Job Local started @ Tue Apr 12 2011 19:26:10 GMT+0100 (BST)
12 Apr 19:26:10 - debug: Job GuardianEnvironment started @ Tue Apr 12 2011 19:26:10 GMT+0100 (BST)
12 Apr 19:26:10 - error: Job GuardianEnvironment completed with an error: Error: ECONNREFUSED, Could not contact DNS servers
12 Apr 19:26:10 - debug: Job Local completed in 47 ms
12 Apr 19:26:14 - debug: Job AtomTester started @ Tue Apr 12 2011 19:26:14 GMT+0100 (BST)
12 Apr 19:26:14 - error: Job AtomTester completed with an error: Error: ECONNREFUSED, Could not contact DNS servers
12 Apr 19:26:20 - debug: Job Local started @ Tue Apr 12 2011 19:26:20 GMT+0100 (BST)
12 Apr 19:26:20 - debug: Job GuardianEnvironment started @ Tue Apr 12 2011 19:26:20 GMT+0100 (BST)
12 Apr 19:26:20 - error: Job GuardianEnvironment completed with an error: Error: ECONNREFUSED, Could not contact DNS servers
12 Apr 19:26:20 - debug: Job Local completed in 50 ms
12 Apr 19:26:21 - debug: Job AtomTester started @ Tue Apr 12 2011 19:26:21 GMT+0100 (BST)
12 Apr 19:26:21 - error: Job AtomTester completed with an error: Error: ECONNREFUSED, Could not contact DNS servers
12 Apr 19:26:28 - debug: Job AtomTester started @ Tue Apr 12 2011 19:26:28 GMT+0100 (BST)
12 Apr 19:26:28 - error: Job AtomTester completed with an error: Error: ECONNREFUSED, Could not contact DNS servers
12 Apr 19:26:30 - debug: Job Local started @ Tue Apr 12 2011 19:26:30 GMT+0100 (BST)
12 Apr 19:26:30 - debug: Job GuardianEnvironment started @ Tue Apr 12 2011 19:26:30 GMT+0100 (BST)
12 Apr 19:26:30 - error: Job GuardianEnvironment completed with an error: Error: ECONNREFUSED, Could not contact DNS servers
12 Apr 19:26:30 - debug: Job Local completed in 45 ms
12 Apr 19:26:35 - debug: Job AtomTester started @ Tue Apr 12 2011 19:26:35 GMT+0100 (BST)
12 Apr 19:26:35 - error: Job AtomTester completed with an error: Error: ECONNREFUSED, Could not contact DNS servers
12 Apr 19:26:40 - debug: Job Local started @ Tue Apr 12 2011 19:26:40 GMT+0100 (BST)
12 Apr 19:26:40 - debug: Job GuardianEnvironment started @ Tue Apr 12 2011 19:26:40 GMT+0100 (BST)
12 Apr 19:26:40 - error: Job GuardianEnvironment completed with an error: Error: ECONNREFUSED, Could not contact DNS servers
12 Apr 19:26:40 - debug: Job Local completed in 43 ms
12 Apr 19:26:42 - debug: Job AtomTester started @ Tue Apr 12 2011 19:26:42 GMT+0100 (BST)
12 Apr 19:26:42 - error: Job AtomTester completed with an error: Error: ECONNREFUSED, Could not contact DNS servers
12 Apr 19:26:49 - debug: Job AtomTester started @ Tue Apr 12 2011 19:26:49 GMT+0100 (BST)
12 Apr 19:26:49 - error: Job AtomTester completed with an error: Error: ECONNREFUSED, Could not contact DNS servers
12 Apr 19:26:50 - debug: Job Local started @ Tue Apr 12 2011 19:26:50 GMT+0100 (BST)
12 Apr 19:26:50 - debug: Job GuardianEnvironment started @ Tue Apr 12 2011 19:26:50 GMT+0100 (BST)
12 Apr 19:26:50 - error: Job GuardianEnvironment completed with an error: Error: ECONNREFUSED, Could not contact DNS servers
12 Apr 19:26:50 - debug: Job Local completed in 62 ms
12 Apr 19:26:56 - debug: Job AtomTester started @ Tue Apr 12 2011 19:26:56 GMT+0100 (BST)
12 Apr 19:26:56 - error: Job AtomTester completed with an error: Error: ECONNREFUSED, Could not contact DNS servers
12 Apr 19:27:00 - debug: Job AtomTester started @ Tue Apr 12 2011 19:27:00 GMT+0100 (BST)
12 Apr 19:27:00 - debug: Job Local started @ Tue Apr 12 2011 19:27:00 GMT+0100 (BST)
12 Apr 19:27:00 - debug: Job GuardianEnvironment started @ Tue Apr 12 2011 19:27:00 GMT+0100 (BST)
12 Apr 19:27:00 - error: Job GuardianEnvironment completed with an error: Error: ECONNREFUSED, Could not contact DNS servers
12 Apr 19:27:00 - error: Job AtomTester completed with an error: Error: ECONNREFUSED, Could not contact DNS servers
12 Apr 19:27:00 - debug: Job Local completed in 44 ms
12 Apr 19:27:07 - debug: Job AtomTester started @ Tue Apr 12 2011 19:27:07 GMT+0100 (BST)
12 Apr 19:27:07 - error: Job AtomTester completed with an error: Error: ECONNREFUSED, Could not contact DNS servers
12 Apr 19:27:10 - debug: Job Local started @ Tue Apr 12 2011 19:27:10 GMT+0100 (BST)
12 Apr 19:27:10 - debug: Job GuardianEnvironment started @ Tue Apr 12 2011 19:27:10 GMT+0100 (BST)
12 Apr 19:27:10 - error: Job GuardianEnvironment completed with an error: Error: ECONNREFUSED, Could not contact DNS servers
12 Apr 19:27:10 - debug: Job Local completed in 65 ms
12 Apr 19:27:14 - debug: Job AtomTester started @ Tue Apr 12 2011 19:27:14 GMT+0100 (BST)
12 Apr 19:27:14 - error: Job AtomTester completed with an error: Error: ECONNREFUSED, Could not contact DNS servers
12 Apr 19:27:20 - debug: Job Local started @ Tue Apr 12 2011 19:27:20 GMT+0100 (BST)
12 Apr 19:27:20 - debug: Job GuardianEnvironment started @ Tue Apr 12 2011 19:27:20 GMT+0100 (BST)
12 Apr 19:27:20 - error: Job GuardianEnvironment completed with an error: Error: ECONNREFUSED, Could not contact DNS servers
12 Apr 19:27:20 - debug: Job Local completed in 51 ms
12 Apr 19:27:21 - debug: Job AtomTester started @ Tue Apr 12 2011 19:27:21 GMT+0100 (BST)
12 Apr 19:27:21 - error: Job AtomTester completed with an error: Error: ECONNREFUSED, Could not contact DNS servers
12 Apr 19:27:28 - debug: Job AtomTester started @ Tue Apr 12 2011 19:27:28 GMT+0100 (BST)
12 Apr 19:27:28 - error: Job AtomTester completed with an error: Error: ECONNREFUSED, Could not contact DNS servers
12 Apr 19:27:30 - debug: Job Local started @ Tue Apr 12 2011 19:27:30 GMT+0100 (BST)
12 Apr 19:27:30 - debug: Job GuardianEnvironment started @ Tue Apr 12 2011 19:27:30 GMT+0100 (BST)
12 Apr 19:27:30 - error: Job GuardianEnvironment completed with an error: Error: ECONNREFUSED, Could not contact DNS servers
12 Apr 19:27:30 - debug: Job Local completed in 58 ms
12 Apr 19:27:35 - debug: Job AtomTester started @ Tue Apr 12 2011 19:27:35 GMT+0100 (BST)
12 Apr 19:27:35 - error: Job AtomTester completed with an error: Error: ECONNREFUSED, Could not contact DNS servers
12 Apr 19:27:40 - debug: Job Local started @ Tue Apr 12 2011 19:27:40 GMT+0100 (BST)
12 Apr 19:27:40 - debug: Job GuardianEnvironment started @ Tue Apr 12 2011 19:27:40 GMT+0100 (BST)
12 Apr 19:27:40 - error: Job GuardianEnvironment completed with an error: Error: ECONNREFUSED, Could not contact DNS servers
12 Apr 19:27:40 - debug: Job Local completed in 72 ms
12 Apr 19:27:42 - debug: Job AtomTester started @ Tue Apr 12 2011 19:27:42 GMT+0100 (BST)
12 Apr 19:27:42 - error: Job AtomTester completed with an error: Error: ECONNREFUSED, Could not contact DNS servers
12 Apr 19:27:49 - debug: Job AtomTester started @ Tue Apr 12 2011 19:27:49 GMT+0100 (BST)
12 Apr 19:27:49 - error: Job AtomTester completed with an error: Error: ECONNREFUSED, Could not contact DNS servers
12 Apr 19:27:50 - debug: Job Local started @ Tue Apr 12 2011 19:27:50 GMT+0100 (BST)
12 Apr 19:27:50 - debug: Job GuardianEnvironment started @ Tue Apr 12 2011 19:27:50 GMT+0100 (BST)
12 Apr 19:27:50 - error: Job GuardianEnvironment completed with an error: Error: ECONNREFUSED, Could not contact DNS servers
12 Apr 19:27:50 - debug: Job Local completed in 64 ms
12 Apr 19:27:56 - debug: Job AtomTester started @ Tue Apr 12 2011 19:27:56 GMT+0100 (BST)
12 Apr 19:27:56 - error: Job AtomTester completed with an error: Error: ECONNREFUSED, Could not contact DNS servers
12 Apr 19:28:00 - debug: Job Local started @ Tue Apr 12 2011 19:28:00 GMT+0100 (BST)
12 Apr 19:28:00 - debug: Job GuardianEnvironment started @ Tue Apr 12 2011 19:28:00 GMT+0100 (BST)
12 Apr 19:28:00 - debug: Job AtomTester started @ Tue Apr 12 2011 19:28:00 GMT+0100 (BST)
12 Apr 19:28:00 - error: Job AtomTester completed with an error: Error: ECONNREFUSED, Could not contact DNS servers
12 Apr 19:28:00 - error: Job GuardianEnvironment completed with an error: Error: ECONNREFUSED, Could not contact DNS servers
12 Apr 19:28:00 - debug: Job Local completed in 56 ms
12 Apr 19:28:07 - debug: Job AtomTester started @ Tue Apr 12 2011 19:28:07 GMT+0100 (BST)
12 Apr 19:28:07 - error: Job AtomTester completed with an error: Error: ECONNREFUSED, Could not contact DNS servers
12 Apr 19:28:10 - debug: Job Local started @ Tue Apr 12 2011 19:28:10 GMT+0100 (BST)
12 Apr 19:28:10 - debug: Job GuardianEnvironment started @ Tue Apr 12 2011 19:28:10 GMT+0100 (BST)
12 Apr 19:28:10 - error: Job GuardianEnvironment completed with an error: Error: ECONNREFUSED, Could not contact DNS servers
12 Apr 19:28:10 - debug: Job Local completed in 52 ms
12 Apr 19:28:14 - debug: Job AtomTester started @ Tue Apr 12 2011 19:28:14 GMT+0100 (BST)
12 Apr 19:28:14 - error: Job AtomTester completed with an error: Error: ECONNREFUSED, Could not contact DNS servers
12 Apr 21:40:49 - debug: Job AtomTester started @ Tue Apr 12 2011 21:40:49 GMT+0100 (BST)
12 Apr 21:40:49 - error: Job AtomTester completed with an error: Error: ECONNREFUSED, Could not contact DNS servers
12 Apr 21:40:50 - debug: Job Local started @ Tue Apr 12 2011 21:40:50 GMT+0100 (BST)
12 Apr 21:40:50 - debug: Job GuardianEnvironment started @ Tue Apr 12 2011 21:40:50 GMT+0100 (BST)
12 Apr 21:40:50 - error: Job GuardianEnvironment completed with an error: Error: ECONNREFUSED, Could not contact DNS servers
12 Apr 21:40:50 - debug: Job Local completed in 67 ms
12 Apr 21:43:07 - debug: Job AtomTester started @ Tue Apr 12 2011 21:43:07 GMT+0100 (BST)
12 Apr 21:43:07 - error: Job AtomTester completed with an error: Error: ECONNREFUSED, Could not contact DNS servers
12 Apr 21:43:10 - debug: Job Local started @ Tue Apr 12 2011 21:43:10 GMT+0100 (BST)
12 Apr 21:43:10 - debug: Job GuardianEnvironment started @ Tue Apr 12 2011 21:43:10 GMT+0100 (BST)
12 Apr 21:43:10 - error: Job GuardianEnvironment completed with an error: Error: ECONNREFUSED, Could not contact DNS servers
12 Apr 21:43:10 - debug: Job Local completed in 48 ms
12 Apr 21:43:10 - info: HERE
12 Apr 21:43:14 - debug: Job AtomTester started @ Tue Apr 12 2011 21:43:14 GMT+0100 (BST)
12 Apr 21:43:14 - error: Job AtomTester completed with an error: Error: ECONNREFUSED, Could not contact DNS servers
12 Apr 21:43:20 - debug: Job Local started @ Tue Apr 12 2011 21:43:20 GMT+0100 (BST)
12 Apr 21:43:20 - debug: Job GuardianEnvironment started @ Tue Apr 12 2011 21:43:20 GMT+0100 (BST)
12 Apr 21:43:20 - error: Job GuardianEnvironment completed with an error: Error: ECONNREFUSED, Could not contact DNS servers
12 Apr 21:43:20 - debug: Job Local completed in 49 ms
12 Apr 21:43:21 - debug: Job AtomTester started @ Tue Apr 12 2011 21:43:21 GMT+0100 (BST)
12 Apr 21:43:21 - error: Job AtomTester completed with an error: Error: ECONNREFUSED, Could not contact DNS servers
12 Apr 21:43:28 - debug: Job AtomTester started @ Tue Apr 12 2011 21:43:28 GMT+0100 (BST)
12 Apr 21:43:28 - error: Job AtomTester completed with an error: Error: ECONNREFUSED, Could not contact DNS servers
12 Apr 21:43:30 - debug: Job Local started @ Tue Apr 12 2011 21:43:30 GMT+0100 (BST)
12 Apr 21:43:30 - debug: Job GuardianEnvironment started @ Tue Apr 12 2011 21:43:30 GMT+0100 (BST)
12 Apr 21:43:30 - error: Job GuardianEnvironment completed with an error: Error: ECONNREFUSED, Could not contact DNS servers
12 Apr 21:43:30 - debug: Job Local completed in 49 ms
12 Apr 21:43:35 - debug: Job AtomTester started @ Tue Apr 12 2011 21:43:35 GMT+0100 (BST)
12 Apr 21:43:35 - error: Job AtomTester completed with an error: Error: ECONNREFUSED, Could not contact DNS servers
12 Apr 21:43:36 - info: HERE
12 Apr 21:43:38 - info: HERE
12 Apr 21:43:40 - debug: Job Local started @ Tue Apr 12 2011 21:43:40 GMT+0100 (BST)
12 Apr 21:43:40 - debug: Job GuardianEnvironment started @ Tue Apr 12 2011 21:43:40 GMT+0100 (BST)
12 Apr 21:43:40 - error: Job GuardianEnvironment completed with an error: Error: ECONNREFUSED, Could not contact DNS servers
12 Apr 21:43:40 - debug: Job Local completed in 53 ms
12 Apr 21:43:41 - info: HERE
12 Apr 21:43:42 - debug: Job AtomTester started @ Tue Apr 12 2011 21:43:42 GMT+0100 (BST)
12 Apr 21:43:42 - error: Job AtomTester completed with an error: Error: ECONNREFUSED, Could not contact DNS servers
12 Apr 21:45:17 - info: HERE
12 Apr 21:45:19 - info: HERE
12 Apr 21:45:20 - debug: Job Local started @ Tue Apr 12 2011 21:45:20 GMT+0100 (BST)
12 Apr 21:45:20 - debug: Job GuardianEnvironment started @ Tue Apr 12 2011 21:45:20 GMT+0100 (BST)
12 Apr 21:45:20 - error: Job GuardianEnvironment completed with an error: Error: ECONNREFUSED, Could not contact DNS servers
12 Apr 21:45:20 - debug: Job Local completed in 60 ms
12 Apr 21:45:21 - debug: Job AtomTester started @ Tue Apr 12 2011 21:45:21 GMT+0100 (BST)
12 Apr 21:45:21 - error: Job AtomTester completed with an error: Error: ECONNREFUSED, Could not contact DNS servers
12 Apr 21:45:28 - debug: Job AtomTester started @ Tue Apr 12 2011 21:45:28 GMT+0100 (BST)
12 Apr 21:45:28 - error: Job AtomTester completed with an error: Error: ECONNREFUSED, Could not contact DNS servers
12 Apr 21:45:30 - debug: Job Local started @ Tue Apr 12 2011 21:45:30 GMT+0100 (BST)
12 Apr 21:45:30 - debug: Job GuardianEnvironment started @ Tue Apr 12 2011 21:45:30 GMT+0100 (BST)
12 Apr 21:45:30 - error: Job GuardianEnvironment completed with an error: Error: ECONNREFUSED, Could not contact DNS servers
12 Apr 21:45:30 - debug: Job Local completed in 102 ms
12 Apr 21:45:35 - debug: Job AtomTester started @ Tue Apr 12 2011 21:45:35 GMT+0100 (BST)
12 Apr 21:45:35 - error: Job AtomTester completed with an error: Error: ECONNREFUSED, Could not contact DNS servers
12 Apr 21:45:40 - debug: Job Local started @ Tue Apr 12 2011 21:45:40 GMT+0100 (BST)
12 Apr 21:45:40 - debug: Job GuardianEnvironment started @ Tue Apr 12 2011 21:45:40 GMT+0100 (BST)
12 Apr 21:45:40 - error: Job GuardianEnvironment completed with an error: Error: ECONNREFUSED, Could not contact DNS servers
12 Apr 21:45:40 - debug: Job Local completed in 49 ms
12 Apr 21:45:42 - debug: Job AtomTester started @ Tue Apr 12 2011 21:45:42 GMT+0100 (BST)
12 Apr 21:45:42 - error: Job AtomTester completed with an error: Error: ECONNREFUSED, Could not contact DNS servers
12 Apr 21:45:44 - info: HERE
12 Apr 21:45:49 - debug: Job AtomTester started @ Tue Apr 12 2011 21:45:49 GMT+0100 (BST)
12 Apr 21:45:49 - error: Job AtomTester completed with an error: Error: ECONNREFUSED, Could not contact DNS servers
12 Apr 21:45:50 - debug: Job Local started @ Tue Apr 12 2011 21:45:50 GMT+0100 (BST)
12 Apr 21:45:50 - debug: Job GuardianEnvironment started @ Tue Apr 12 2011 21:45:50 GMT+0100 (BST)
12 Apr 21:45:50 - error: Job GuardianEnvironment completed with an error: Error: ECONNREFUSED, Could not contact DNS servers
12 Apr 21:45:50 - debug: Job Local completed in 52 ms
12 Apr 21:45:53 - info: HERE
12 Apr 21:45:55 - info: HERE
12 Apr 21:45:56 - debug: Job AtomTester started @ Tue Apr 12 2011 21:45:56 GMT+0100 (BST)
12 Apr 21:45:56 - error: Job AtomTester completed with an error: Error: ECONNREFUSED, Could not contact DNS servers
12 Apr 21:45:56 - info: HERE
12 Apr 21:46:00 - debug: Job Local started @ Tue Apr 12 2011 21:46:00 GMT+0100 (BST)
12 Apr 21:46:00 - debug: Job GuardianEnvironment started @ Tue Apr 12 2011 21:46:00 GMT+0100 (BST)
12 Apr 21:46:00 - debug: Job AtomTester started @ Tue Apr 12 2011 21:46:00 GMT+0100 (BST)
12 Apr 21:46:00 - error: Job AtomTester completed with an error: Error: ECONNREFUSED, Could not contact DNS servers
12 Apr 21:46:00 - error: Job GuardianEnvironment completed with an error: Error: ECONNREFUSED, Could not contact DNS servers
12 Apr 21:46:00 - debug: Job Local completed in 48 ms
12 Apr 21:46:07 - debug: Job AtomTester started @ Tue Apr 12 2011 21:46:07 GMT+0100 (BST)
12 Apr 21:46:07 - error: Job AtomTester completed with an error: Error: ECONNREFUSED, Could not contact DNS servers
12 Apr 21:46:10 - debug: Job Local started @ Tue Apr 12 2011 21:46:10 GMT+0100 (BST)
12 Apr 21:46:10 - debug: Job GuardianEnvironment started @ Tue Apr 12 2011 21:46:10 GMT+0100 (BST)
12 Apr 21:46:10 - error: Job GuardianEnvironment completed with an error: Error: ECONNREFUSED, Could not contact DNS servers
12 Apr 21:46:10 - debug: Job Local completed in 43 ms
12 Apr 21:46:28 - debug: Job AtomTester started @ Tue Apr 12 2011 21:46:28 GMT+0100 (BST)
12 Apr 21:46:28 - error: Job AtomTester completed with an error: Error: ECONNREFUSED, Could not contact DNS servers
12 Apr 21:46:30 - debug: Job GuardianEnvironment started @ Tue Apr 12 2011 21:46:30 GMT+0100 (BST)
12 Apr 21:46:30 - debug: Job Local started @ Tue Apr 12 2011 21:46:30 GMT+0100 (BST)
12 Apr 21:46:30 - error: Job GuardianEnvironment completed with an error: Error: ECONNREFUSED, Could not contact DNS servers
12 Apr 21:46:30 - debug: Job Local completed in 51 ms
12 Apr 21:46:35 - debug: Job AtomTester started @ Tue Apr 12 2011 21:46:35 GMT+0100 (BST)
12 Apr 21:46:35 - error: Job AtomTester completed with an error: Error: ECONNREFUSED, Could not contact DNS servers
12 Apr 21:46:40 - debug: Job GuardianEnvironment started @ Tue Apr 12 2011 21:46:40 GMT+0100 (BST)
12 Apr 21:46:40 - debug: Job Local started @ Tue Apr 12 2011 21:46:40 GMT+0100 (BST)
12 Apr 21:46:40 - error: Job GuardianEnvironment completed with an error: Error: ECONNREFUSED, Could not contact DNS servers
12 Apr 21:46:40 - debug: Job Local completed in 48 ms
12 Apr 21:46:42 - debug: Job AtomTester started @ Tue Apr 12 2011 21:46:42 GMT+0100 (BST)
12 Apr 21:46:42 - error: Job AtomTester completed with an error: Error: ECONNREFUSED, Could not contact DNS servers
12 Apr 21:46:49 - debug: Job AtomTester started @ Tue Apr 12 2011 21:46:49 GMT+0100 (BST)
12 Apr 21:46:49 - error: Job AtomTester completed with an error: Error: ECONNREFUSED, Could not contact DNS servers
12 Apr 21:46:50 - debug: Job GuardianEnvironment started @ Tue Apr 12 2011 21:46:50 GMT+0100 (BST)
12 Apr 21:46:50 - debug: Job Local started @ Tue Apr 12 2011 21:46:50 GMT+0100 (BST)
12 Apr 21:46:50 - error: Job GuardianEnvironment completed with an error: Error: ECONNREFUSED, Could not contact DNS servers
12 Apr 21:46:50 - debug: Job Local completed in 46 ms
12 Apr 21:46:56 - debug: Job AtomTester started @ Tue Apr 12 2011 21:46:56 GMT+0100 (BST)
12 Apr 21:46:56 - error: Job AtomTester completed with an error: Error: ECONNREFUSED, Could not contact DNS servers
12 Apr 21:47:00 - debug: Job GuardianEnvironment started @ Tue Apr 12 2011 21:47:00 GMT+0100 (BST)
12 Apr 21:47:00 - debug: Job AtomTester started @ Tue Apr 12 2011 21:47:00 GMT+0100 (BST)
12 Apr 21:47:00 - debug: Job Local started @ Tue Apr 12 2011 21:47:00 GMT+0100 (BST)
12 Apr 21:47:00 - error: Job AtomTester completed with an error: Error: ECONNREFUSED, Could not contact DNS servers
12 Apr 21:47:00 - error: Job GuardianEnvironment completed with an error: Error: ECONNREFUSED, Could not contact DNS servers
12 Apr 21:47:00 - debug: Job Local completed in 103 ms
12 Apr 21:47:07 - debug: Job AtomTester started @ Tue Apr 12 2011 21:47:07 GMT+0100 (BST)
12 Apr 21:47:07 - error: Job AtomTester completed with an error: Error: ECONNREFUSED, Could not contact DNS servers
12 Apr 21:47:10 - debug: Job GuardianEnvironment started @ Tue Apr 12 2011 21:47:10 GMT+0100 (BST)
12 Apr 21:47:10 - debug: Job Local started @ Tue Apr 12 2011 21:47:10 GMT+0100 (BST)
12 Apr 21:47:10 - error: Job GuardianEnvironment completed with an error: Error: ECONNREFUSED, Could not contact DNS servers
12 Apr 21:47:10 - debug: Job Local completed in 116 ms
12 Apr 21:47:14 - debug: Job AtomTester started @ Tue Apr 12 2011 21:47:14 GMT+0100 (BST)
12 Apr 21:47:14 - error: Job AtomTester completed with an error: Error: ECONNREFUSED, Could not contact DNS servers
12 Apr 21:47:20 - debug: Job GuardianEnvironment started @ Tue Apr 12 2011 21:47:20 GMT+0100 (BST)
12 Apr 21:47:20 - debug: Job Local started @ Tue Apr 12 2011 21:47:20 GMT+0100 (BST)
12 Apr 21:47:20 - error: Job GuardianEnvironment completed with an error: Error: ECONNREFUSED, Could not contact DNS servers
12 Apr 21:47:20 - debug: Job Local completed in 35 ms
12 Apr 21:47:21 - debug: Job AtomTester started @ Tue Apr 12 2011 21:47:21 GMT+0100 (BST)
12 Apr 21:47:21 - error: Job AtomTester completed with an error: Error: ECONNREFUSED, Could not contact DNS servers
12 Apr 21:47:28 - debug: Job AtomTester started @ Tue Apr 12 2011 21:47:28 GMT+0100 (BST)
12 Apr 21:47:28 - error: Job AtomTester completed with an error: Error: ECONNREFUSED, Could not contact DNS servers
12 Apr 21:47:30 - debug: Job GuardianEnvironment started @ Tue Apr 12 2011 21:47:30 GMT+0100 (BST)
12 Apr 21:47:30 - debug: Job Local started @ Tue Apr 12 2011 21:47:30 GMT+0100 (BST)
12 Apr 21:47:30 - error: Job GuardianEnvironment completed with an error: Error: ECONNREFUSED, Could not contact DNS servers
12 Apr 21:47:30 - debug: Job Local completed in 48 ms
12 Apr 21:47:35 - debug: Job AtomTester started @ Tue Apr 12 2011 21:47:35 GMT+0100 (BST)
12 Apr 21:47:35 - error: Job AtomTester completed with an error: Error: ECONNREFUSED, Could not contact DNS servers
12 Apr 21:47:40 - debug: Job GuardianEnvironment started @ Tue Apr 12 2011 21:47:40 GMT+0100 (BST)
12 Apr 21:47:40 - debug: Job Local started @ Tue Apr 12 2011 21:47:40 GMT+0100 (BST)
12 Apr 21:47:40 - error: Job GuardianEnvironment completed with an error: Error: ECONNREFUSED, Could not contact DNS servers
12 Apr 21:47:40 - debug: Job Local completed in 49 ms
12 Apr 21:47:42 - debug: Job AtomTester started @ Tue Apr 12 2011 21:47:42 GMT+0100 (BST)
12 Apr 21:47:42 - error: Job AtomTester completed with an error: Error: ECONNREFUSED, Could not contact DNS servers
12 Apr 21:47:49 - debug: Job AtomTester started @ Tue Apr 12 2011 21:47:49 GMT+0100 (BST)
12 Apr 21:47:49 - error: Job AtomTester completed with an error: Error: ECONNREFUSED, Could not contact DNS servers
12 Apr 21:47:50 - debug: Job GuardianEnvironment started @ Tue Apr 12 2011 21:47:50 GMT+0100 (BST)
12 Apr 21:47:50 - debug: Job Local started @ Tue Apr 12 2011 21:47:50 GMT+0100 (BST)
12 Apr 21:47:50 - error: Job GuardianEnvironment completed with an error: Error: ECONNREFUSED, Could not contact DNS servers
12 Apr 21:47:50 - debug: Job Local completed in 49 ms
12 Apr 21:47:56 - debug: Job AtomTester started @ Tue Apr 12 2011 21:47:56 GMT+0100 (BST)
12 Apr 21:47:56 - error: Job AtomTester completed with an error: Error: ECONNREFUSED, Could not contact DNS servers
12 Apr 21:48:00 - debug: Job GuardianEnvironment started @ Tue Apr 12 2011 21:48:00 GMT+0100 (BST)
12 Apr 21:48:00 - debug: Job AtomTester started @ Tue Apr 12 2011 21:48:00 GMT+0100 (BST)
12 Apr 21:48:00 - debug: Job Local started @ Tue Apr 12 2011 21:48:00 GMT+0100 (BST)
12 Apr 21:48:00 - error: Job AtomTester completed with an error: Error: ECONNREFUSED, Could not contact DNS servers
12 Apr 21:48:00 - error: Job GuardianEnvironment completed with an error: Error: ECONNREFUSED, Could not contact DNS servers
12 Apr 21:48:00 - debug: Job Local completed in 42 ms
12 Apr 21:48:07 - debug: Job AtomTester started @ Tue Apr 12 2011 21:48:07 GMT+0100 (BST)
12 Apr 21:48:07 - error: Job AtomTester completed with an error: Error: ECONNREFUSED, Could not contact DNS servers
12 Apr 21:48:10 - debug: Job GuardianEnvironment started @ Tue Apr 12 2011 21:48:10 GMT+0100 (BST)
12 Apr 21:48:10 - debug: Job Local started @ Tue Apr 12 2011 21:48:10 GMT+0100 (BST)
12 Apr 21:48:10 - error: Job GuardianEnvironment completed with an error: Error: ECONNREFUSED, Could not contact DNS servers
12 Apr 21:48:10 - debug: Job Local completed in 50 ms
12 Apr 21:48:14 - debug: Job AtomTester started @ Tue Apr 12 2011 21:48:14 GMT+0100 (BST)
12 Apr 21:48:14 - error: Job AtomTester completed with an error: Error: ECONNREFUSED, Could not contact DNS servers
12 Apr 21:48:20 - debug: Job GuardianEnvironment started @ Tue Apr 12 2011 21:48:20 GMT+0100 (BST)
12 Apr 21:48:20 - debug: Job Local started @ Tue Apr 12 2011 21:48:20 GMT+0100 (BST)
12 Apr 21:48:20 - error: Job GuardianEnvironment completed with an error: Error: ECONNREFUSED, Could not contact DNS servers
12 Apr 21:48:20 - debug: Job Local completed in 46 ms
12 Apr 21:48:21 - debug: Job AtomTester started @ Tue Apr 12 2011 21:48:21 GMT+0100 (BST)
12 Apr 21:48:21 - error: Job AtomTester completed with an error: Error: ECONNREFUSED, Could not contact DNS servers
12 Apr 21:48:28 - debug: Job AtomTester started @ Tue Apr 12 2011 21:48:28 GMT+0100 (BST)
12 Apr 21:48:28 - error: Job AtomTester completed with an error: Error: ECONNREFUSED, Could not contact DNS servers
12 Apr 21:48:30 - debug: Job GuardianEnvironment started @ Tue Apr 12 2011 21:48:30 GMT+0100 (BST)
12 Apr 21:48:30 - debug: Job Local started @ Tue Apr 12 2011 21:48:30 GMT+0100 (BST)
12 Apr 21:48:30 - error: Job GuardianEnvironment completed with an error: Error: ECONNREFUSED, Could not contact DNS servers
12 Apr 21:48:30 - debug: Job Local completed in 44 ms
12 Apr 21:48:35 - debug: Job AtomTester started @ Tue Apr 12 2011 21:48:35 GMT+0100 (BST)
12 Apr 21:48:35 - error: Job AtomTester completed with an error: Error: ECONNREFUSED, Could not contact DNS servers
